<?xml version="1.0" encoding="UTF-8"?>
<testng-results ignored="0" total="1" passed="1" failed="0" skipped="0">
  <reporter-output>
  </reporter-output>
  <suite started-at="2021-04-22T23:24:41 EET" name="Default suite" finished-at="2021-04-22T23:25:53 EET" duration-ms="71223">
    <groups>
    </groups>
    <test started-at="2021-04-22T23:24:41 EET" name="Default test" finished-at="2021-04-22T23:25:53 EET" duration-ms="71223">
      <class name="Automation.Selenium.checkout">
        <test-method is-config="true" signature="openurl()[pri:0, instance:Automation.Selenium.checkout@1e6454ec]" started-at="2021-04-22T23:24:41 EET" name="openurl" finished-at="2021-04-22T23:25:01 EET" duration-ms="20061" status="PASS">
          <reporter-output>
          </reporter-output>
        </test-method> <!-- openurl -->
        <test-method signature="checkoutpage()[pri:0, instance:Automation.Selenium.checkout@1e6454ec]" started-at="2021-04-22T23:25:01 EET" name="checkoutpage" finished-at="2021-04-22T23:25:53 EET" duration-ms="51078" status="PASS">
          <reporter-output>
          </reporter-output>
        </test-method> <!-- checkoutpage -->
        <test-method is-config="true" signature="close()[pri:0, instance:Automation.Selenium.checkout@1e6454ec]" started-at="2021-04-22T23:25:53 EET" name="close" finished-at="2021-04-22T23:25:53 EET" duration-ms="0" status="PASS">
          <reporter-output>
          </reporter-output>
        </test-method> <!-- close -->
      </class> <!-- Automation.Selenium.checkout -->
    </test> <!-- Default test -->
  </suite> <!-- Default suite -->
</testng-results>
